<?xml version="1.0" encoding="UTF-8"?>
<testsuite xmlns:xsi="http://www.w3.org/2001/XMLSchema-instance" xsi:noNamespaceSchemaLocation="https://maven.apache.org/surefire/maven-surefire-plugin/xsd/surefire-test-report.xsd" name="TestSuite" time="0.169" tests="3" errors="0" skipped="0" failures="1">
  <properties>
    <property name="java.specification.version" value="17"/>
    <property name="sun.jnu.encoding" value="UTF-8"/>
    <property name="java.class.path" value="/Users/terencetan/Documents/Projects/ibf_git/workshop-day2/workshop-day2/bankaccount/target/test-classes:/Users/terencetan/Documents/Projects/ibf_git/workshop-day2/workshop-day2/bankaccount/target/classes:/Users/terencetan/.m2/repository/org/testng/testng/7.4.0/testng-7.4.0.jar:/Users/terencetan/.m2/repository/com/beust/jcommander/1.78/jcommander-1.78.jar:/Users/terencetan/.m2/repository/org/webjars/jquery/3.5.1/jquery-3.5.1.jar:/Users/terencetan/.m2/repository/junit/junit/4.13.2/junit-4.13.2.jar:/Users/terencetan/.m2/repository/org/hamcrest/hamcrest-core/1.3/hamcrest-core-1.3.jar:"/>
    <property name="java.vm.vendor" value="Oracle Corporation"/>
    <property name="sun.arch.data.model" value="64"/>
    <property name="java.vendor.url" value="https://java.oracle.com/"/>
    <property name="os.name" value="Mac OS X"/>
    <property name="java.vm.specification.version" value="17"/>
    <property name="sun.java.launcher" value="SUN_STANDARD"/>
    <property name="user.country" value="SG"/>
    <property name="sun.boot.library.path" value="/Library/Java/JavaVirtualMachines/jdk-17.0.1.jdk/Contents/Home/lib"/>
    <property name="sun.java.command" value="/Users/terencetan/Documents/Projects/ibf_git/workshop-day2/workshop-day2/bankaccount/target/surefire/surefirebooter7535652964419756783.jar /Users/terencetan/Documents/Projects/ibf_git/workshop-day2/workshop-day2/bankaccount/target/surefire 2021-12-06T20-20-36_976-jvmRun1 surefire2293109489331058013tmp surefire_04723798578487231932tmp"/>
    <property name="http.nonProxyHosts" value="local|*.local|169.254/16|*.169.254/16"/>
    <property name="jdk.debug" value="release"/>
    <property name="surefire.test.class.path" value="/Users/terencetan/Documents/Projects/ibf_git/workshop-day2/workshop-day2/bankaccount/target/test-classes:/Users/terencetan/Documents/Projects/ibf_git/workshop-day2/workshop-day2/bankaccount/target/classes:/Users/terencetan/.m2/repository/org/testng/testng/7.4.0/testng-7.4.0.jar:/Users/terencetan/.m2/repository/com/beust/jcommander/1.78/jcommander-1.78.jar:/Users/terencetan/.m2/repository/org/webjars/jquery/3.5.1/jquery-3.5.1.jar:/Users/terencetan/.m2/repository/junit/junit/4.13.2/junit-4.13.2.jar:/Users/terencetan/.m2/repository/org/hamcrest/hamcrest-core/1.3/hamcrest-core-1.3.jar:"/>
    <property name="sun.cpu.endian" value="little"/>
    <property name="user.home" value="/Users/terencetan"/>
    <property name="user.language" value="en"/>
    <property name="java.specification.vendor" value="Oracle Corporation"/>
    <property name="java.version.date" value="2021-10-19"/>
    <property name="java.home" value="/Library/Java/JavaVirtualMachines/jdk-17.0.1.jdk/Contents/Home"/>
    <property name="file.separator" value="/"/>
    <property name="basedir" value="/Users/terencetan/Documents/Projects/ibf_git/workshop-day2/workshop-day2/bankaccount"/>
    <property name="java.vm.compressedOopsMode" value="Zero based"/>
    <property name="line.separator" value="&#10;"/>
    <property name="java.specification.name" value="Java Platform API Specification"/>
    <property name="java.vm.specification.vendor" value="Oracle Corporation"/>
    <property name="surefire.real.class.path" value="/Users/terencetan/Documents/Projects/ibf_git/workshop-day2/workshop-day2/bankaccount/target/surefire/surefirebooter7535652964419756783.jar"/>
    <property name="sun.management.compiler" value="HotSpot 64-Bit Tiered Compilers"/>
    <property name="ftp.nonProxyHosts" value="local|*.local|169.254/16|*.169.254/16"/>
    <property name="java.runtime.version" value="17.0.1+12-LTS-39"/>
    <property name="user.name" value="terencetan"/>
    <property name="path.separator" value=":"/>
    <property name="os.version" value="12.0.1"/>
    <property name="java.runtime.name" value="Java(TM) SE Runtime Environment"/>
    <property name="file.encoding" value="US-ASCII"/>
    <property name="java.vm.name" value="Java HotSpot(TM) 64-Bit Server VM"/>
    <property name="localRepository" value="/Users/terencetan/.m2/repository"/>
    <property name="java.vendor.url.bug" value="https://bugreport.java.com/bugreport/"/>
    <property name="java.io.tmpdir" value="/var/folders/j5/l1k2nnb52dqf9zlzppf47_kh0000gn/T/"/>
    <property name="java.version" value="17.0.1"/>
    <property name="user.dir" value="/Users/terencetan/Documents/Projects/ibf_git/workshop-day2/workshop-day2/bankaccount"/>
    <property name="os.arch" value="aarch64"/>
    <property name="java.vm.specification.name" value="Java Virtual Machine Specification"/>
    <property name="native.encoding" value="US-ASCII"/>
    <property name="java.library.path" value="/Users/terencetan/Library/Java/Extensions:/Library/Java/Extensions:/Network/Library/Java/Extensions:/System/Library/Java/Extensions:/usr/lib/java:."/>
    <property name="java.vm.info" value="mixed mode, sharing"/>
    <property name="java.vendor" value="Oracle Corporation"/>
    <property name="java.vm.version" value="17.0.1+12-LTS-39"/>
    <property name="sun.io.unicode.encoding" value="UnicodeBig"/>
    <property name="socksNonProxyHosts" value="local|*.local|169.254/16|*.169.254/16"/>
    <property name="java.class.version" value="61.0"/>
  </properties>
  <testcase name="shouldAnswerWithTrue on shouldAnswerWithTrue(workshop.day2.AppTest)" classname="workshop.day2.AppTest" time="0.01"/>
  <testcase name="testGetBalance on testGetBalance(workshop.day2.BankAccountTest)" classname="workshop.day2.BankAccountTest" time="0"/>
  <testcase name="testDeposit on testDeposit(workshop.day2.BankAccountTest)" classname="workshop.day2.BankAccountTest" time="0.006">
    <failure type="java.lang.AssertionError">java.lang.AssertionError
	at workshop.day2.BankAccountTest.testDeposit(BankAccountTest.java:19)
</failure>
  </testcase>
</testsuite>